<?xml version="1.0"?>
<!DOCTYPE coverage SYSTEM "http://cobertura.sourceforge.net/xml/coverage-04.dtd">

<coverage line-rate="0.4387755102040816" branch-rate="0.25" lines-covered="43" lines-valid="98" branches-covered="6" branches-valid="24" complexity="1.631578947368421" version="2.0.3" timestamp="1551357700906">
	<sources>
		<source>--source</source>
		<source>/Users/johnwang/Documents/workspace/DropboxApp/src/main/java</source>
	</sources>
	<packages>
		<package name="com.cs5850.programming.Assignment1.DropboxApp" line-rate="0.4387755102040816" branch-rate="0.25" complexity="1.631578947368421">
			<classes>
				<class name="com.cs5850.programming.Assignment1.DropboxApp.AWSS3Service" filename="com/cs5850/programming/Assignment1/DropboxApp/AWSS3Service.java" line-rate="1.0" branch-rate="1.0" complexity="1.0">
					<methods>
						<method name="&lt;init&gt;" signature="()V" line-rate="1.0" branch-rate="1.0">
							<lines>
								<line number="56" hits="1" branch="false"/>
								<line number="58" hits="1" branch="false"/>
							</lines>
						</method>
						<method name="&lt;init&gt;" signature="(Lcom/amazonaws/services/s3/AmazonS3;)V" line-rate="1.0" branch-rate="1.0">
							<lines>
								<line number="68" hits="13" branch="false"/>
								<line number="69" hits="13" branch="false"/>
								<line number="70" hits="13" branch="false"/>
							</lines>
						</method>
						<method name="createBucket" signature="(Ljava/lang/String;)Lcom/amazonaws/services/s3/model/Bucket;" line-rate="1.0" branch-rate="1.0">
							<lines>
								<line number="151" hits="1" branch="false"/>
							</lines>
						</method>
						<method name="deleteBucket" signature="(Ljava/lang/String;)V" line-rate="1.0" branch-rate="1.0">
							<lines>
								<line number="176" hits="1" branch="false"/>
								<line number="177" hits="1" branch="false"/>
							</lines>
						</method>
						<method name="deleteFile" signature="(Ljava/lang/Object;)V" line-rate="1.0" branch-rate="1.0">
							<lines>
								<line number="270" hits="1" branch="false"/>
								<line number="271" hits="1" branch="false"/>
							</lines>
						</method>
						<method name="deleteObject" signature="(Ljava/lang/String;Ljava/lang/String;)V" line-rate="1.0" branch-rate="1.0">
							<lines>
								<line number="235" hits="2" branch="false"/>
								<line number="236" hits="2" branch="false"/>
							</lines>
						</method>
						<method name="doesBucketExist" signature="(Ljava/lang/String;)Z" line-rate="1.0" branch-rate="1.0">
							<lines>
								<line number="138" hits="1" branch="false"/>
							</lines>
						</method>
						<method name="getObject" signature="(Ljava/lang/String;Ljava/lang/String;)Lcom/amazonaws/services/s3/model/S3Object;" line-rate="1.0" branch-rate="1.0">
							<lines>
								<line number="219" hits="1" branch="false"/>
							</lines>
						</method>
						<method name="listBuckets" signature="()Ljava/util/List;" line-rate="1.0" branch-rate="1.0">
							<lines>
								<line number="163" hits="1" branch="false"/>
							</lines>
						</method>
						<method name="listObjects" signature="()Lcom/amazonaws/services/s3/model/ObjectListing;" line-rate="1.0" branch-rate="1.0">
							<lines>
								<line number="204" hits="13" branch="false"/>
							</lines>
						</method>
						<method name="putObject" signature="(Ljava/lang/String;Ljava/lang/String;Ljava/io/File;)Lcom/amazonaws/services/s3/model/PutObjectResult;" line-rate="1.0" branch-rate="1.0">
							<lines>
								<line number="191" hits="3" branch="false"/>
							</lines>
						</method>
						<method name="setEnvironment" signature="(Ljava/lang/String;Ljava/lang/String;Ljava/lang/String;)V" line-rate="1.0" branch-rate="1.0">
							<lines>
								<line number="123" hits="4" branch="false"/>
								<line number="124" hits="4" branch="false"/>
								<line number="125" hits="4" branch="false"/>
								<line number="126" hits="4" branch="false"/>
							</lines>
						</method>
						<method name="uploadFile" signature="(Ljava/lang/Object;)V" line-rate="1.0" branch-rate="1.0">
							<lines>
								<line number="251" hits="1" branch="false"/>
								<line number="256" hits="1" branch="false"/>
							</lines>
						</method>
					</methods>
					<lines>
						<line number="56" hits="1" branch="false"/>
						<line number="58" hits="1" branch="false"/>
						<line number="68" hits="13" branch="false"/>
						<line number="69" hits="13" branch="false"/>
						<line number="70" hits="13" branch="false"/>
						<line number="123" hits="4" branch="false"/>
						<line number="124" hits="4" branch="false"/>
						<line number="125" hits="4" branch="false"/>
						<line number="126" hits="4" branch="false"/>
						<line number="138" hits="1" branch="false"/>
						<line number="151" hits="1" branch="false"/>
						<line number="163" hits="1" branch="false"/>
						<line number="176" hits="1" branch="false"/>
						<line number="177" hits="1" branch="false"/>
						<line number="191" hits="3" branch="false"/>
						<line number="204" hits="13" branch="false"/>
						<line number="219" hits="1" branch="false"/>
						<line number="235" hits="2" branch="false"/>
						<line number="236" hits="2" branch="false"/>
						<line number="251" hits="1" branch="false"/>
						<line number="256" hits="1" branch="false"/>
						<line number="270" hits="1" branch="false"/>
						<line number="271" hits="1" branch="false"/>
					</lines>
				</class>
				<class name="com.cs5850.programming.Assignment1.DropboxApp.AWSS3Service$1" filename="com/cs5850/programming/Assignment1/DropboxApp/AWSS3Service.java" line-rate="1.0" branch-rate="1.0" complexity="1.0">
					<methods>
						<method name="&lt;init&gt;" signature="()V" line-rate="1.0" branch-rate="1.0">
							<lines>
								<line number="56" hits="1" branch="false"/>
							</lines>
						</method>
					</methods>
					<lines>
						<line number="56" hits="1" branch="false"/>
					</lines>
				</class>
				<class name="com.cs5850.programming.Assignment1.DropboxApp.DirectoryWatcher" filename="com/cs5850/programming/Assignment1/DropboxApp/DirectoryWatcher.java" line-rate="0.25675675675675674" branch-rate="0.25" complexity="3.0">
					<methods>
						<method name="&lt;init&gt;" signature="()V" line-rate="1.0" branch-rate="1.0">
							<lines>
								<line number="254" hits="2" branch="false"/>
								<line number="256" hits="2" branch="false"/>
							</lines>
						</method>
						<method name="returnFileList" signature="(Ljava/lang/String;)[Ljava/io/File;" line-rate="1.0" branch-rate="1.0">
							<lines>
								<line number="177" hits="1" branch="false"/>
								<line number="178" hits="1" branch="false"/>
								<line number="179" hits="1" branch="false"/>
								<line number="180" hits="1" branch="false"/>
							</lines>
						</method>
						<method name="run" signature="(Ljava/lang/String;Ljava/lang/String;Ljava/lang/String;Ljava/lang/String;Ljava/lang/String;I)V" line-rate="0.0" branch-rate="1.0">
							<lines>
								<line number="66" hits="0" branch="false"/>
								<line number="70" hits="0" branch="false"/>
								<line number="71" hits="0" branch="false"/>
								<line number="72" hits="0" branch="false"/>
								<line number="73" hits="0" branch="false"/>
								<line number="76" hits="0" branch="false"/>
								<line number="77" hits="0" branch="false"/>
								<line number="78" hits="0" branch="false"/>
								<line number="79" hits="0" branch="false"/>
								<line number="80" hits="0" branch="false"/>
								<line number="81" hits="0" branch="false"/>
							</lines>
						</method>
						<method name="runWatch" signature="(Ljava/lang/String;Lcom/cs5850/programming/Assignment1/DropboxApp/AWSS3Service;I)V" line-rate="0.0" branch-rate="0.0">
							<lines>
								<line number="115" hits="0" branch="false"/>
								<line number="116" hits="0" branch="false"/>
								<line number="117" hits="0" branch="false"/>
								<line number="118" hits="0" branch="false"/>
								<line number="125" hits="0" branch="false"/>
								<line number="127" hits="0" branch="false"/>
								<line number="130" hits="0" branch="false"/>
								<line number="133" hits="0" branch="true" condition-coverage="0% (0/2)">
									<conditions>
										<condition number="0" type="jump" coverage="0%"/>
									</conditions>
								</line>
								<line number="135" hits="0" branch="false"/>
								<line number="136" hits="0" branch="false"/>
								<line number="137" hits="0" branch="true" condition-coverage="0% (0/2)">
									<conditions>
										<condition number="0" type="jump" coverage="0%"/>
									</conditions>
								</line>
								<line number="139" hits="0" branch="true" condition-coverage="0% (0/2)">
									<conditions>
										<condition number="0" type="jump" coverage="0%"/>
									</conditions>
								</line>
								<line number="140" hits="0" branch="false"/>
								<line number="141" hits="0" branch="false"/>
								<line number="142" hits="0" branch="false"/>
								<line number="144" hits="0" branch="true" condition-coverage="0% (0/2)">
									<conditions>
										<condition number="0" type="jump" coverage="0%"/>
									</conditions>
								</line>
								<line number="145" hits="0" branch="false"/>
								<line number="146" hits="0" branch="false"/>
								<line number="147" hits="0" branch="false"/>
								<line number="149" hits="0" branch="true" condition-coverage="0% (0/2)">
									<conditions>
										<condition number="0" type="jump" coverage="0%"/>
									</conditions>
								</line>
								<line number="150" hits="0" branch="false"/>
								<line number="151" hits="0" branch="false"/>
								<line number="152" hits="0" branch="false"/>
								<line number="155" hits="0" branch="false"/>
								<line number="156" hits="0" branch="false"/>
								<line number="157" hits="0" branch="false"/>
								<line number="158" hits="0" branch="false"/>
								<line number="159" hits="0" branch="true" condition-coverage="0% (0/2)">
									<conditions>
										<condition number="0" type="jump" coverage="0%"/>
									</conditions>
								</line>
								<line number="160" hits="0" branch="false"/>
								<line number="162" hits="0" branch="false"/>
								<line number="163" hits="0" branch="false"/>
								<line number="164" hits="0" branch="false"/>
								<line number="165" hits="0" branch="false"/>
							</lines>
						</method>
						<method name="setCredentials" signature="(Ljava/lang/String;Ljava/lang/String;)V" line-rate="1.0" branch-rate="1.0">
							<lines>
								<line number="97" hits="1" branch="false"/>
								<line number="101" hits="1" branch="false"/>
							</lines>
						</method>
						<method name="sync" signature="(Ljava/lang/String;Lcom/cs5850/programming/Assignment1/DropboxApp/AWSS3Service;)V" line-rate="0.5" branch-rate="0.5">
							<lines>
								<line number="193" hits="1" branch="false"/>
								<line number="195" hits="1" branch="false"/>
								<line number="197" hits="1" branch="false"/>
								<line number="199" hits="1" branch="false"/>
								<line number="201" hits="1" branch="true" condition-coverage="50% (1/2)">
									<conditions>
										<condition number="0" type="jump" coverage="50%"/>
									</conditions>
								</line>
								<line number="202" hits="0" branch="false"/>
								<line number="203" hits="0" branch="false"/>
								<line number="204" hits="0" branch="false"/>
								<line number="205" hits="0" branch="false"/>
								<line number="219" hits="6" branch="true" condition-coverage="100% (2/2)">
									<conditions>
										<condition number="0" type="jump" coverage="100%"/>
									</conditions>
								</line>
								<line number="220" hits="5" branch="true" condition-coverage="50% (1/2)">
									<conditions>
										<condition number="0" type="jump" coverage="50%"/>
									</conditions>
								</line>
								<line number="222" hits="5" branch="true" condition-coverage="50% (1/2)">
									<conditions>
										<condition number="0" type="jump" coverage="50%"/>
									</conditions>
								</line>
								<line number="223" hits="0" branch="false"/>
								<line number="224" hits="0" branch="true" condition-coverage="0% (0/2)">
									<conditions>
										<condition number="0" type="jump" coverage="0%"/>
									</conditions>
								</line>
								<line number="225" hits="0" branch="false"/>
								<line number="227" hits="0" branch="false"/>
								<line number="228" hits="0" branch="false"/>
								<line number="231" hits="5" branch="false"/>
								<line number="242" hits="1" branch="true" condition-coverage="50% (1/2)">
									<conditions>
										<condition number="0" type="jump" coverage="50%"/>
									</conditions>
								</line>
								<line number="243" hits="0" branch="false"/>
								<line number="244" hits="0" branch="false"/>
								<line number="245" hits="1" branch="false"/>
							</lines>
						</method>
					</methods>
					<lines>
						<line number="66" hits="0" branch="false"/>
						<line number="70" hits="0" branch="false"/>
						<line number="71" hits="0" branch="false"/>
						<line number="72" hits="0" branch="false"/>
						<line number="73" hits="0" branch="false"/>
						<line number="76" hits="0" branch="false"/>
						<line number="77" hits="0" branch="false"/>
						<line number="78" hits="0" branch="false"/>
						<line number="79" hits="0" branch="false"/>
						<line number="80" hits="0" branch="false"/>
						<line number="81" hits="0" branch="false"/>
						<line number="97" hits="1" branch="false"/>
						<line number="101" hits="1" branch="false"/>
						<line number="115" hits="0" branch="false"/>
						<line number="116" hits="0" branch="false"/>
						<line number="117" hits="0" branch="false"/>
						<line number="118" hits="0" branch="false"/>
						<line number="125" hits="0" branch="false"/>
						<line number="127" hits="0" branch="false"/>
						<line number="130" hits="0" branch="false"/>
						<line number="133" hits="0" branch="true" condition-coverage="0% (0/2)">
							<conditions>
								<condition number="0" type="jump" coverage="0%"/>
							</conditions>
						</line>
						<line number="135" hits="0" branch="false"/>
						<line number="136" hits="0" branch="false"/>
						<line number="137" hits="0" branch="true" condition-coverage="0% (0/2)">
							<conditions>
								<condition number="0" type="jump" coverage="0%"/>
							</conditions>
						</line>
						<line number="139" hits="0" branch="true" condition-coverage="0% (0/2)">
							<conditions>
								<condition number="0" type="jump" coverage="0%"/>
							</conditions>
						</line>
						<line number="140" hits="0" branch="false"/>
						<line number="141" hits="0" branch="false"/>
						<line number="142" hits="0" branch="false"/>
						<line number="144" hits="0" branch="true" condition-coverage="0% (0/2)">
							<conditions>
								<condition number="0" type="jump" coverage="0%"/>
							</conditions>
						</line>
						<line number="145" hits="0" branch="false"/>
						<line number="146" hits="0" branch="false"/>
						<line number="147" hits="0" branch="false"/>
						<line number="149" hits="0" branch="true" condition-coverage="0% (0/2)">
							<conditions>
								<condition number="0" type="jump" coverage="0%"/>
							</conditions>
						</line>
						<line number="150" hits="0" branch="false"/>
						<line number="151" hits="0" branch="false"/>
						<line number="152" hits="0" branch="false"/>
						<line number="155" hits="0" branch="false"/>
						<line number="156" hits="0" branch="false"/>
						<line number="157" hits="0" branch="false"/>
						<line number="158" hits="0" branch="false"/>
						<line number="159" hits="0" branch="true" condition-coverage="0% (0/2)">
							<conditions>
								<condition number="0" type="jump" coverage="0%"/>
							</conditions>
						</line>
						<line number="160" hits="0" branch="false"/>
						<line number="162" hits="0" branch="false"/>
						<line number="163" hits="0" branch="false"/>
						<line number="164" hits="0" branch="false"/>
						<line number="165" hits="0" branch="false"/>
						<line number="177" hits="1" branch="false"/>
						<line number="178" hits="1" branch="false"/>
						<line number="179" hits="1" branch="false"/>
						<line number="180" hits="1" branch="false"/>
						<line number="193" hits="1" branch="false"/>
						<line number="195" hits="1" branch="false"/>
						<line number="197" hits="1" branch="false"/>
						<line number="199" hits="1" branch="false"/>
						<line number="201" hits="1" branch="true" condition-coverage="50% (1/2)">
							<conditions>
								<condition number="0" type="jump" coverage="50%"/>
							</conditions>
						</line>
						<line number="202" hits="0" branch="false"/>
						<line number="203" hits="0" branch="false"/>
						<line number="204" hits="0" branch="false"/>
						<line number="205" hits="0" branch="false"/>
						<line number="219" hits="6" branch="true" condition-coverage="100% (2/2)">
							<conditions>
								<condition number="0" type="jump" coverage="100%"/>
							</conditions>
						</line>
						<line number="220" hits="5" branch="true" condition-coverage="50% (1/2)">
							<conditions>
								<condition number="0" type="jump" coverage="50%"/>
							</conditions>
						</line>
						<line number="222" hits="5" branch="true" condition-coverage="50% (1/2)">
							<conditions>
								<condition number="0" type="jump" coverage="50%"/>
							</conditions>
						</line>
						<line number="223" hits="0" branch="false"/>
						<line number="224" hits="0" branch="true" condition-coverage="0% (0/2)">
							<conditions>
								<condition number="0" type="jump" coverage="0%"/>
							</conditions>
						</line>
						<line number="225" hits="0" branch="false"/>
						<line number="227" hits="0" branch="false"/>
						<line number="228" hits="0" branch="false"/>
						<line number="231" hits="5" branch="false"/>
						<line number="242" hits="1" branch="true" condition-coverage="50% (1/2)">
							<conditions>
								<condition number="0" type="jump" coverage="50%"/>
							</conditions>
						</line>
						<line number="243" hits="0" branch="false"/>
						<line number="244" hits="0" branch="false"/>
						<line number="245" hits="1" branch="false"/>
						<line number="254" hits="2" branch="false"/>
						<line number="256" hits="2" branch="false"/>
					</lines>
				</class>
			</classes>
		</package>
	</packages>
</coverage>
