<?xml version="1.0" encoding="UTF-8"?>
<testsuite xmlns:xsi="http://www.w3.org/2001/XMLSchema-instance" xsi:noNamespaceSchemaLocation="https://maven.apache.org/surefire/maven-surefire-plugin/xsd/surefire-test-report.xsd" name="com.cs5850.programming.Assignment1.DropboxApp.AWSS3ServiceTest" time="1.462" tests="12" errors="0" skipped="0" failures="0">
  <properties>
[...]
</properties>
  <testcase name="whenVerifyingUploadFile_thenCorrect" classname="com.cs5850.programming.Assignment1.DropboxApp.AWSS3ServiceTest" time="0.848"/>
  <testcase name="testEnv" classname="com.cs5850.programming.Assignment1.DropboxApp.AWSS3ServiceTest" time="0.001"/>
  <testcase name="whenVerifyListBuckets_thenCorrect" classname="com.cs5850.programming.Assignment1.DropboxApp.AWSS3ServiceTest" time="0.001"/>
  <testcase name="whenVerifyingListObjects_thenCorrect" classname="com.cs5850.programming.Assignment1.DropboxApp.AWSS3ServiceTest" time="0"/>
  <testcase name="whenVerifyingDeleteObject_thenCorrect" classname="com.cs5850.programming.Assignment1.DropboxApp.AWSS3ServiceTest" time="0.001"/>
  <testcase name="whenInitializingAWSS3Service_thenNotNull" classname="com.cs5850.programming.Assignment1.DropboxApp.AWSS3ServiceTest" time="0.559"/>
  <testcase name="whenVerifyingDeleteFile_thenCorrect" classname="com.cs5850.programming.Assignment1.DropboxApp.AWSS3ServiceTest" time="0"/>
  <testcase name="testS3BucketExit" classname="com.cs5850.programming.Assignment1.DropboxApp.AWSS3ServiceTest" time="0.001"/>
  <testcase name="whenDeletingBucket_thenCorrect" classname="com.cs5850.programming.Assignment1.DropboxApp.AWSS3ServiceTest" time="0"/>
  <testcase name="testCreationOfS3Bucket" classname="com.cs5850.programming.Assignment1.DropboxApp.AWSS3ServiceTest" time="0.001"/>
  <testcase name="whenVerifyingPutObject_thenCorrect" classname="com.cs5850.programming.Assignment1.DropboxApp.AWSS3ServiceTest" time="0.001"/>
  <testcase name="whenVerifyingGetObject_thenCorrect" classname="com.cs5850.programming.Assignment1.DropboxApp.AWSS3ServiceTest" time="0"/>
</testsuite>