<?xml version="1.0" encoding="UTF-8"?>
<testsuite xmlns:xsi="http://www.w3.org/2001/XMLSchema-instance" xsi:schemaLocation="https://maven.apache.org/surefire/maven-surefire-plugin/xsd/surefire-test-report.xsd" name="com.cs5850.programming.Assignment1.DropboxApp.DirectoryWatcherTest" time="0.024" tests="2" errors="0" skipped="0" failures="0">
  <properties>
[...]
</properties>
  <testcase name="testSetCredentials" classname="com.cs5850.programming.Assignment1.DropboxApp.DirectoryWatcherTest" time="0.023"/>
  <testcase name="testReturnFileList" classname="com.cs5850.programming.Assignment1.DropboxApp.DirectoryWatcherTest" time="0.001"/>
</testsuite>